# JRE version: OpenJDK Runtime Environment (8.0_242-b01) (build 1.8.0_242-release-1644-b01)
# Java VM: OpenJDK 64-Bit Server VM (25.242-b01 mixed mode windows-amd64 compressed oops)
Heap:
 PSYoungGen      total 493568K, used 424619K [0x00000000d5580000, 0x00000000fd880000, 0x0000000100000000)
  eden space 374272K, 87% used [0x00000000d5580000,0x00000000e9427388,0x00000000ec300000)
  from space 119296K, 82% used [0x00000000f4400000,0x00000000fa403888,0x00000000fb880000)
  to   space 132096K, 0% used [0x00000000ec300000,0x00000000ec300000,0x00000000f4400000)
 ParOldGen       total 344576K, used 254737K [0x0000000080000000, 0x0000000095080000, 0x00000000d5580000)
  object space 344576K, 73% used [0x0000000080000000,0x000000008f8c4578,0x0000000095080000)
 Metaspace       used 86364K, capacity 90896K, committed 91544K, reserved 1128448K
  class space    used 11354K, capacity 12184K, committed 12464K, reserved 1048576K
GC Heap History (10 events):
Event: 47.816 GC heap before
{Heap before GC invocations=25 (full 5):
 PSYoungGen      total 374272K, used 331081K [0x00000000d5580000, 0x00000000f3200000, 0x0000000100000000)
  eden space 293376K, 100% used [0x00000000d5580000,0x00000000e7400000,0x00000000e7400000)
  from space 80896K, 46% used [0x00000000e7400000,0x00000000e98d2410,0x00000000ec300000)
  to   space 79360K, 0% used [0x00000000ee480000,0x00000000ee480000,0x00000000f3200000)
 ParOldGen       total 344576K, used 189092K [0x0000000080000000, 0x0000000095080000, 0x00000000d5580000)
  object space 344576K, 54% used [0x0000000080000000,0x000000008b8a9320,0x0000000095080000)
 Metaspace       used 83674K, capacity 87984K, committed 89112K, reserved 1126400K
  class space    used 11174K, capacity 11972K, committed 12336K, reserved 1048576K
Event: 47.847 GC heap after
Heap after GC invocations=25 (full 5):
 PSYoungGen      total 389120K, used 34373K [0x00000000d5580000, 0x00000000f2580000, 0x0000000100000000)
  eden space 322560K, 0% used [0x00000000d5580000,0x00000000d5580000,0x00000000e9080000)
  from space 66560K, 51% used [0x00000000ee480000,0x00000000f06114c8,0x00000000f2580000)
  to   space 76288K, 0% used [0x00000000e9080000,0x00000000e9080000,0x00000000edb00000)
 ParOldGen       total 344576K, used 189100K [0x0000000080000000, 0x0000000095080000, 0x00000000d5580000)
  object space 344576K, 54% used [0x0000000080000000,0x000000008b8ab320,0x0000000095080000)
 Metaspace       used 83674K, capacity 87984K, committed 89112K, reserved 1126400K
  class space    used 11174K, capacity 11972K, committed 12336K, reserved 1048576K
}
Event: 53.929 GC heap before
{Heap before GC invocations=26 (full 5):
 PSYoungGen      total 389120K, used 356933K [0x00000000d5580000, 0x00000000f2580000, 0x0000000100000000)
  eden space 322560K, 100% used [0x00000000d5580000,0x00000000e9080000,0x00000000e9080000)
  from space 66560K, 51% used [0x00000000ee480000,0x00000000f06114c8,0x00000000f2580000)
  to   space 76288K, 0% used [0x00000000e9080000,0x00000000e9080000,0x00000000edb00000)
 ParOldGen       total 344576K, used 189100K [0x0000000080000000, 0x0000000095080000, 0x00000000d5580000)
  object space 344576K, 54% used [0x0000000080000000,0x000000008b8ab320,0x0000000095080000)
 Metaspace       used 84458K, capacity 88830K, committed 89624K, reserved 1126400K
  class space    used 11193K, capacity 12001K, committed 12336K, reserved 1048576K
Event: 53.950 GC heap after
Heap after GC invocations=26 (full 5):
 PSYoungGen      total 398848K, used 17340K [0x00000000d5580000, 0x00000000f3a80000, 0x0000000100000000)
  eden space 322560K, 0% used [0x00000000d5580000,0x00000000d5580000,0x00000000e9080000)
  from space 76288K, 22% used [0x00000000e9080000,0x00000000ea16f320,0x00000000edb00000)
  to   space 73728K, 0% used [0x00000000ef280000,0x00000000ef280000,0x00000000f3a80000)
 ParOldGen       total 344576K, used 189108K [0x0000000080000000, 0x0000000095080000, 0x00000000d5580000)
  object space 344576K, 54% used [0x0000000080000000,0x000000008b8ad320,0x0000000095080000)
 Metaspace       used 84458K, capacity 88830K, committed 89624K, reserved 1126400K
  class space    used 11193K, capacity 12001K, committed 12336K, reserved 1048576K
}
Event: 56.712 GC heap before
{Heap before GC invocations=27 (full 5):
 PSYoungGen      total 398848K, used 339900K [0x00000000d5580000, 0x00000000f3a80000, 0x0000000100000000)
  eden space 322560K, 100% used [0x00000000d5580000,0x00000000e9080000,0x00000000e9080000)
  from space 76288K, 22% used [0x00000000e9080000,0x00000000ea16f320,0x00000000edb00000)
  to   space 73728K, 0% used [0x00000000ef280000,0x00000000ef280000,0x00000000f3a80000)
 ParOldGen       total 344576K, used 189108K [0x0000000080000000, 0x0000000095080000, 0x00000000d5580000)
  object space 344576K, 54% used [0x0000000080000000,0x000000008b8ad320,0x0000000095080000)
 Metaspace       used 85892K, capacity 90438K, committed 91032K, reserved 1128448K
  class space    used 11326K, capacity 12147K, committed 12464K, reserved 1048576K
Event: 56.749 GC heap after
Heap after GC invocations=27 (full 5):
 PSYoungGen      total 411648K, used 70532K [0x00000000d5580000, 0x00000000f4e80000, 0x0000000100000000)
  eden space 337920K, 0% used [0x00000000d5580000,0x00000000d5580000,0x00000000e9f80000)
  from space 73728K, 95% used [0x00000000ef280000,0x00000000f3761250,0x00000000f3a80000)
  to   space 84992K, 0% used [0x00000000e9f80000,0x00000000e9f80000,0x00000000ef280000)
 ParOldGen       total 344576K, used 189116K [0x0000000080000000, 0x0000000095080000, 0x00000000d5580000)
  object space 344576K, 54% used [0x0000000080000000,0x000000008b8af320,0x0000000095080000)
 Metaspace       used 85892K, capacity 90438K, committed 91032K, reserved 1128448K
  class space    used 11326K, capacity 12147K, committed 12464K, reserved 1048576K
}
Event: 57.453 GC heap before
{Heap before GC invocations=28 (full 5):
 PSYoungGen      total 411648K, used 408452K [0x00000000d5580000, 0x00000000f4e80000, 0x0000000100000000)
  eden space 337920K, 100% used [0x00000000d5580000,0x00000000e9f80000,0x00000000e9f80000)
  from space 73728K, 95% used [0x00000000ef280000,0x00000000f3761250,0x00000000f3a80000)
  to   space 84992K, 0% used [0x00000000e9f80000,0x00000000e9f80000,0x00000000ef280000)
 ParOldGen       total 344576K, used 189116K [0x0000000080000000, 0x0000000095080000, 0x00000000d5580000)
  object space 344576K, 54% used [0x0000000080000000,0x000000008b8af320,0x0000000095080000)
 Metaspace       used 86183K, capacity 90746K, committed 91288K, reserved 1128448K
  class space    used 11345K, capacity 12183K, committed 12464K, reserved 1048576K
Event: 57.564 GC heap after
Heap after GC invocations=28 (full 5):
 PSYoungGen      total 422912K, used 84984K [0x00000000d5580000, 0x00000000fb880000, 0x0000000100000000)
  eden space 337920K, 0% used [0x00000000d5580000,0x00000000d5580000,0x00000000e9f80000)
  from space 84992K, 99% used [0x00000000e9f80000,0x00000000ef27e1c8,0x00000000ef280000)
  to   space 119296K, 0% used [0x00000000f4400000,0x00000000f4400000,0x00000000fb880000)
 ParOldGen       total 344576K, used 242948K [0x0000000080000000, 0x0000000095080000, 0x00000000d5580000)
  object space 344576K, 70% used [0x0000000080000000,0x000000008ed412e8,0x0000000095080000)
 Metaspace       used 86183K, capacity 90746K, committed 91288K, reserved 1128448K
  class space    used 11345K, capacity 12183K, committed 12464K, reserved 1048576K
}
Event: 58.511 GC heap before
{Heap before GC invocations=29 (full 5):
 PSYoungGen      total 422912K, used 422812K [0x00000000d5580000, 0x00000000fb880000, 0x0000000100000000)
  eden space 337920K, 99% used [0x00000000d5580000,0x00000000e9f69058,0x00000000e9f80000)
  from space 84992K, 99% used [0x00000000e9f80000,0x00000000ef27e1c8,0x00000000ef280000)
  to   space 119296K, 0% used [0x00000000f4400000,0x00000000f4400000,0x00000000fb880000)
 ParOldGen       total 344576K, used 242948K [0x0000000080000000, 0x0000000095080000, 0x00000000d5580000)
  object space 344576K, 70% used [0x0000000080000000,0x000000008ed412e8,0x0000000095080000)
 Metaspace       used 86292K, capacity 90826K, committed 91544K, reserved 1128448K
  class space    used 11345K, capacity 12183K, committed 12464K, reserved 1048576K
Event: 58.616 GC heap after
Heap after GC invocations=29 (full 5):
 PSYoungGen      total 493568K, used 98318K [0x00000000d5580000, 0x00000000fd880000, 0x0000000100000000)
  eden space 374272K, 0% used [0x00000000d5580000,0x00000000d5580000,0x00000000ec300000)
  from space 119296K, 82% used [0x00000000f4400000,0x00000000fa403888,0x00000000fb880000)
  to   space 132096K, 0% used [0x00000000ec300000,0x00000000ec300000,0x00000000f4400000)
 ParOldGen       total 344576K, used 254737K [0x0000000080000000, 0x0000000095080000, 0x00000000d5580000)
  object space 344576K, 73% used [0x0000000080000000,0x000000008f8c4578,0x0000000095080000)
 Metaspace       used 86292K, capacity 90826K, committed 91544K, reserved 1128448K
  class space    used 11345K, capacity 12183K, committed 12464K, reserved 1048576K
}

