# JRE version: OpenJDK Runtime Environment (8.0_242-b01) (build 1.8.0_242-release-1644-b01)
# Java VM: OpenJDK 64-Bit Server VM (25.242-b01 mixed mode windows-amd64 compressed oops)
Heap:
 PSYoungGen      total 350208K, used 203159K [0x00000000d5580000, 0x00000000f8680000, 0x0000000100000000)
  eden space 256000K, 42% used [0x00000000d5580000,0x00000000dbfe64d0,0x00000000e4f80000)
  from space 94208K, 99% used [0x00000000ed100000,0x00000000f2cff950,0x00000000f2d00000)
  to   space 132608K, 0% used [0x00000000e4f80000,0x00000000e4f80000,0x00000000ed100000)
 ParOldGen       total 381952K, used 293297K [0x0000000080000000, 0x0000000097500000, 0x00000000d5580000)
  object space 381952K, 76% used [0x0000000080000000,0x0000000091e6c7f8,0x0000000097500000)
 Metaspace       used 103358K, capacity 108864K, committed 109656K, reserved 1144832K
  class space    used 13598K, capacity 14689K, committed 14976K, reserved 1048576K
GC Heap History (10 events):
Event: 54.535 GC heap before
{Heap before GC invocations=29 (full 5):
 PSYoungGen      total 311296K, used 251077K [0x00000000d5580000, 0x00000000ee680000, 0x0000000100000000)
  eden space 229376K, 100% used [0x00000000d5580000,0x00000000e3580000,0x00000000e3580000)
  from space 81920K, 26% used [0x00000000e3580000,0x00000000e4ab15a0,0x00000000e8580000)
  to   space 77824K, 0% used [0x00000000e9a80000,0x00000000e9a80000,0x00000000ee680000)
 ParOldGen       total 381952K, used 217567K [0x0000000080000000, 0x0000000097500000, 0x00000000d5580000)
  object space 381952K, 56% used [0x0000000080000000,0x000000008d477dc8,0x0000000097500000)
 Metaspace       used 101430K, capacity 106608K, committed 107864K, reserved 1142784K
  class space    used 13403K, capacity 14403K, committed 14720K, reserved 1048576K
Event: 54.571 GC heap after
Heap after GC invocations=29 (full 5):
 PSYoungGen      total 330752K, used 43187K [0x00000000d5580000, 0x00000000ee600000, 0x0000000100000000)
  eden space 253440K, 0% used [0x00000000d5580000,0x00000000d5580000,0x00000000e4d00000)
  from space 77312K, 55% used [0x00000000e9a80000,0x00000000ec4acf50,0x00000000ee600000)
  to   space 78336K, 0% used [0x00000000e4d00000,0x00000000e4d00000,0x00000000e9980000)
 ParOldGen       total 381952K, used 217575K [0x0000000080000000, 0x0000000097500000, 0x00000000d5580000)
  object space 381952K, 56% used [0x0000000080000000,0x000000008d479dc8,0x0000000097500000)
 Metaspace       used 101430K, capacity 106608K, committed 107864K, reserved 1142784K
  class space    used 13403K, capacity 14403K, committed 14720K, reserved 1048576K
}
Event: 55.634 GC heap before
{Heap before GC invocations=30 (full 5):
 PSYoungGen      total 330752K, used 296627K [0x00000000d5580000, 0x00000000ee600000, 0x0000000100000000)
  eden space 253440K, 100% used [0x00000000d5580000,0x00000000e4d00000,0x00000000e4d00000)
  from space 77312K, 55% used [0x00000000e9a80000,0x00000000ec4acf50,0x00000000ee600000)
  to   space 78336K, 0% used [0x00000000e4d00000,0x00000000e4d00000,0x00000000e9980000)
 ParOldGen       total 381952K, used 217575K [0x0000000080000000, 0x0000000097500000, 0x00000000d5580000)
  object space 381952K, 56% used [0x0000000080000000,0x000000008d479dc8,0x0000000097500000)
 Metaspace       used 101501K, capacity 106672K, committed 107864K, reserved 1142784K
  class space    used 13403K, capacity 14403K, committed 14720K, reserved 1048576K
Event: 55.664 GC heap after
Heap after GC invocations=30 (full 5):
 PSYoungGen      total 331776K, used 21155K [0x00000000d5580000, 0x00000000ef380000, 0x0000000100000000)
  eden space 253440K, 0% used [0x00000000d5580000,0x00000000d5580000,0x00000000e4d00000)
  from space 78336K, 27% used [0x00000000e4d00000,0x00000000e61a8dc8,0x00000000e9980000)
  to   space 75264K, 0% used [0x00000000eaa00000,0x00000000eaa00000,0x00000000ef380000)
 ParOldGen       total 381952K, used 217583K [0x0000000080000000, 0x0000000097500000, 0x00000000d5580000)
  object space 381952K, 56% used [0x0000000080000000,0x000000008d47bdc8,0x0000000097500000)
 Metaspace       used 101501K, capacity 106672K, committed 107864K, reserved 1142784K
  class space    used 13403K, capacity 14403K, committed 14720K, reserved 1048576K
}
Event: 79.182 GC heap before
{Heap before GC invocations=31 (full 5):
 PSYoungGen      total 331776K, used 274595K [0x00000000d5580000, 0x00000000ef380000, 0x0000000100000000)
  eden space 253440K, 100% used [0x00000000d5580000,0x00000000e4d00000,0x00000000e4d00000)
  from space 78336K, 27% used [0x00000000e4d00000,0x00000000e61a8dc8,0x00000000e9980000)
  to   space 75264K, 0% used [0x00000000eaa00000,0x00000000eaa00000,0x00000000ef380000)
 ParOldGen       total 381952K, used 217583K [0x0000000080000000, 0x0000000097500000, 0x00000000d5580000)
  object space 381952K, 56% used [0x0000000080000000,0x000000008d47bdc8,0x0000000097500000)
 Metaspace       used 103079K, capacity 108612K, committed 109400K, reserved 1144832K
  class space    used 13592K, capacity 14677K, committed 14976K, reserved 1048576K
Event: 79.370 GC heap after
Heap after GC invocations=31 (full 5):
 PSYoungGen      total 345600K, used 45482K [0x00000000d5580000, 0x00000000ef380000, 0x0000000100000000)
  eden space 270336K, 0% used [0x00000000d5580000,0x00000000d5580000,0x00000000e5d80000)
  from space 75264K, 60% used [0x00000000eaa00000,0x00000000ed66abc0,0x00000000ef380000)
  to   space 76800K, 0% used [0x00000000e5d80000,0x00000000e5d80000,0x00000000ea880000)
 ParOldGen       total 381952K, used 217591K [0x0000000080000000, 0x0000000097500000, 0x00000000d5580000)
  object space 381952K, 56% used [0x0000000080000000,0x000000008d47ddc8,0x0000000097500000)
 Metaspace       used 103079K, capacity 108612K, committed 109400K, reserved 1144832K
  class space    used 13592K, capacity 14677K, committed 14976K, reserved 1048576K
}
Event: 80.466 GC heap before
{Heap before GC invocations=32 (full 5):
 PSYoungGen      total 345600K, used 315818K [0x00000000d5580000, 0x00000000ef380000, 0x0000000100000000)
  eden space 270336K, 100% used [0x00000000d5580000,0x00000000e5d80000,0x00000000e5d80000)
  from space 75264K, 60% used [0x00000000eaa00000,0x00000000ed66abc0,0x00000000ef380000)
  to   space 76800K, 0% used [0x00000000e5d80000,0x00000000e5d80000,0x00000000ea880000)
 ParOldGen       total 381952K, used 217591K [0x0000000080000000, 0x0000000097500000, 0x00000000d5580000)
  object space 381952K, 56% used [0x0000000080000000,0x000000008d47ddc8,0x0000000097500000)
 Metaspace       used 103228K, capacity 108776K, committed 109656K, reserved 1144832K
  class space    used 13598K, capacity 14689K, committed 14976K, reserved 1048576K
Event: 80.553 GC heap after
Heap after GC invocations=32 (full 5):
 PSYoungGen      total 347136K, used 76776K [0x00000000d5580000, 0x00000000f2d00000, 0x0000000100000000)
  eden space 270336K, 0% used [0x00000000d5580000,0x00000000d5580000,0x00000000e5d80000)
  from space 76800K, 99% used [0x00000000e5d80000,0x00000000ea87a0b0,0x00000000ea880000)
  to   space 94208K, 0% used [0x00000000ed100000,0x00000000ed100000,0x00000000f2d00000)
 ParOldGen       total 381952K, used 230678K [0x0000000080000000, 0x0000000097500000, 0x00000000d5580000)
  object space 381952K, 60% used [0x0000000080000000,0x000000008e145bf8,0x0000000097500000)
 Metaspace       used 103228K, capacity 108776K, committed 109656K, reserved 1144832K
  class space    used 13598K, capacity 14689K, committed 14976K, reserved 1048576K
}
Event: 81.265 GC heap before
{Heap before GC invocations=33 (full 5):
 PSYoungGen      total 347136K, used 347112K [0x00000000d5580000, 0x00000000f2d00000, 0x0000000100000000)
  eden space 270336K, 100% used [0x00000000d5580000,0x00000000e5d80000,0x00000000e5d80000)
  from space 76800K, 99% used [0x00000000e5d80000,0x00000000ea87a0b0,0x00000000ea880000)
  to   space 94208K, 0% used [0x00000000ed100000,0x00000000ed100000,0x00000000f2d00000)
 ParOldGen       total 381952K, used 230678K [0x0000000080000000, 0x0000000097500000, 0x00000000d5580000)
  object space 381952K, 60% used [0x0000000080000000,0x000000008e145bf8,0x0000000097500000)
 Metaspace       used 103323K, capacity 108860K, committed 109656K, reserved 1144832K
  class space    used 13598K, capacity 14689K, committed 14976K, reserved 1048576K
Event: 81.450 GC heap after
Heap after GC invocations=33 (full 5):
 PSYoungGen      total 350208K, used 94206K [0x00000000d5580000, 0x00000000f8680000, 0x0000000100000000)
  eden space 256000K, 0% used [0x00000000d5580000,0x00000000d5580000,0x00000000e4f80000)
  from space 94208K, 99% used [0x00000000ed100000,0x00000000f2cff950,0x00000000f2d00000)
  to   space 132608K, 0% used [0x00000000e4f80000,0x00000000e4f80000,0x00000000ed100000)
 ParOldGen       total 381952K, used 293297K [0x0000000080000000, 0x0000000097500000, 0x00000000d5580000)
  object space 381952K, 76% used [0x0000000080000000,0x0000000091e6c7f8,0x0000000097500000)
 Metaspace       used 103323K, capacity 108860K, committed 109656K, reserved 1144832K
  class space    used 13598K, capacity 14689K, committed 14976K, reserved 1048576K
}

